1729110880.701836 client started (14572): version 3.4, socket /tmp/tmux-1000/default, protocol 8
1729110880.701857 on Linux 5.15.153.1-microsoft-standard-WSL2 #1 SMP Fri Mar 29 23:14:13 UTC 2024
1729110880.701860 using libevent 2.1.12-stable poll
1729110880.701865 using utf8proc 2.9.0
1729110880.701868 using ncurses 6.4 20221231
1729110880.701879 flags are 0x10010000
1729110880.701886 socket is /tmp/tmux-1000/default
1729110880.701896 trying connect
1729110880.701937 add peer 0x197e9a0: 6 ((nil))
1729110880.702111 sending message 100 to peer 0x197e9a0 (4 bytes)
1729110880.702117 sending message 111 to peer 0x197e9a0 (8 bytes)
1729110880.702121 sending message 101 to peer 0x197e9a0 (14 bytes)
1729110880.702123 sending message 109 to peer 0x197e9a0 (4 bytes)
1729110880.702126 sending message 102 to peer 0x197e9a0 (11 bytes)
1729110880.702129 sending message 108 to peer 0x197e9a0 (25 bytes)
1729110880.702132 sending message 112 to peer 0x197e9a0 (70 bytes)
1729110880.702135 sending message 112 to peer 0x197e9a0 (5 bytes)
1729110880.702137 sending message 112 to peer 0x197e9a0 (5 bytes)
1729110880.702140 sending message 112 to peer 0x197e9a0 (6 bytes)
1729110880.702143 sending message 112 to peer 0x197e9a0 (6 bytes)
1729110880.702145 sending message 112 to peer 0x197e9a0 (11 bytes)
1729110880.702148 sending message 112 to peer 0x197e9a0 (10 bytes)
1729110880.702151 sending message 112 to peer 0x197e9a0 (13 bytes)
1729110880.702154 sending message 112 to peer 0x197e9a0 (13 bytes)
1729110880.702156 sending message 112 to peer 0x197e9a0 (18 bytes)
1729110880.702159 sending message 112 to peer 0x197e9a0 (11 bytes)
1729110880.702162 sending message 112 to peer 0x197e9a0 (10 bytes)
1729110880.702167 sending message 112 to peer 0x197e9a0 (15 bytes)
1729110880.702170 sending message 112 to peer 0x197e9a0 (21 bytes)
1729110880.702188 sending message 112 to peer 0x197e9a0 (13 bytes)
1729110880.702194 sending message 112 to peer 0x197e9a0 (7 bytes)
1729110880.702197 sending message 112 to peer 0x197e9a0 (13 bytes)
1729110880.702200 sending message 112 to peer 0x197e9a0 (7 bytes)
1729110880.702202 sending message 112 to peer 0x197e9a0 (13 bytes)
1729110880.702205 sending message 112 to peer 0x197e9a0 (9 bytes)
1729110880.702208 sending message 112 to peer 0x197e9a0 (21 bytes)
1729110880.702210 sending message 112 to peer 0x197e9a0 (13 bytes)
1729110880.702213 sending message 112 to peer 0x197e9a0 (8 bytes)
1729110880.702216 sending message 112 to peer 0x197e9a0 (12 bytes)
1729110880.702218 sending message 112 to peer 0x197e9a0 (13 bytes)
1729110880.702221 sending message 112 to peer 0x197e9a0 (9 bytes)
1729110880.702224 sending message 112 to peer 0x197e9a0 (9 bytes)
1729110880.702226 sending message 112 to peer 0x197e9a0 (12 bytes)
1729110880.702229 sending message 112 to peer 0x197e9a0 (8 bytes)
1729110880.702232 sending message 112 to peer 0x197e9a0 (8 bytes)
1729110880.702234 sending message 112 to peer 0x197e9a0 (7 bytes)
1729110880.702237 sending message 112 to peer 0x197e9a0 (7 bytes)
1729110880.702240 sending message 112 to peer 0x197e9a0 (9 bytes)
1729110880.702242 sending message 112 to peer 0x197e9a0 (13 bytes)
1729110880.702245 sending message 112 to peer 0x197e9a0 (6 bytes)
1729110880.702248 sending message 112 to peer 0x197e9a0 (9 bytes)
1729110880.702250 sending message 112 to peer 0x197e9a0 (15 bytes)
1729110880.702253 sending message 112 to peer 0x197e9a0 (13 bytes)
1729110880.702255 sending message 112 to peer 0x197e9a0 (12 bytes)
1729110880.702258 sending message 112 to peer 0x197e9a0 (8 bytes)
1729110880.702261 sending message 112 to peer 0x197e9a0 (14 bytes)
1729110880.702263 sending message 112 to peer 0x197e9a0 (11 bytes)
1729110880.702266 sending message 112 to peer 0x197e9a0 (9 bytes)
1729110880.702269 sending message 112 to peer 0x197e9a0 (10 bytes)
1729110880.702271 sending message 112 to peer 0x197e9a0 (10 bytes)
1729110880.702274 sending message 112 to peer 0x197e9a0 (10 bytes)
1729110880.702277 sending message 112 to peer 0x197e9a0 (10 bytes)
1729110880.702279 sending message 112 to peer 0x197e9a0 (11 bytes)
1729110880.702289 sending message 112 to peer 0x197e9a0 (12 bytes)
1729110880.702292 sending message 112 to peer 0x197e9a0 (12 bytes)
1729110880.702295 sending message 112 to peer 0x197e9a0 (12 bytes)
1729110880.702297 sending message 112 to peer 0x197e9a0 (12 bytes)
1729110880.702300 sending message 112 to peer 0x197e9a0 (12 bytes)
1729110880.702303 sending message 112 to peer 0x197e9a0 (11 bytes)
1729110880.702305 sending message 112 to peer 0x197e9a0 (11 bytes)
1729110880.702308 sending message 112 to peer 0x197e9a0 (12 bytes)
1729110880.702311 sending message 112 to peer 0x197e9a0 (12 bytes)
1729110880.702313 sending message 112 to peer 0x197e9a0 (12 bytes)
1729110880.702316 sending message 112 to peer 0x197e9a0 (12 bytes)
1729110880.702318 sending message 112 to peer 0x197e9a0 (12 bytes)
1729110880.702321 sending message 112 to peer 0x197e9a0 (10 bytes)
1729110880.702324 sending message 112 to peer 0x197e9a0 (12 bytes)
1729110880.702326 sending message 112 to peer 0x197e9a0 (13 bytes)
1729110880.702329 sending message 112 to peer 0x197e9a0 (13 bytes)
1729110880.702332 sending message 112 to peer 0x197e9a0 (13 bytes)
1729110880.702334 sending message 112 to peer 0x197e9a0 (13 bytes)
1729110880.702337 sending message 112 to peer 0x197e9a0 (13 bytes)
1729110880.702340 sending message 112 to peer 0x197e9a0 (8 bytes)
1729110880.702342 sending message 112 to peer 0x197e9a0 (11 bytes)
1729110880.702345 sending message 112 to peer 0x197e9a0 (11 bytes)
1729110880.702348 sending message 112 to peer 0x197e9a0 (11 bytes)
1729110880.702350 sending message 112 to peer 0x197e9a0 (12 bytes)
1729110880.702353 sending message 112 to peer 0x197e9a0 (12 bytes)
1729110880.702356 sending message 112 to peer 0x197e9a0 (12 bytes)
1729110880.702358 sending message 112 to peer 0x197e9a0 (12 bytes)
1729110880.702361 sending message 112 to peer 0x197e9a0 (13 bytes)
1729110880.702363 sending message 112 to peer 0x197e9a0 (13 bytes)
1729110880.702366 sending message 112 to peer 0x197e9a0 (13 bytes)
1729110880.702369 sending message 112 to peer 0x197e9a0 (8 bytes)
1729110880.702371 sending message 112 to peer 0x197e9a0 (13 bytes)
1729110880.702374 sending message 112 to peer 0x197e9a0 (13 bytes)
1729110880.702377 sending message 112 to peer 0x197e9a0 (13 bytes)
1729110880.702379 sending message 112 to peer 0x197e9a0 (13 bytes)
1729110880.702382 sending message 112 to peer 0x197e9a0 (13 bytes)
1729110880.702385 sending message 112 to peer 0x197e9a0 (12 bytes)
1729110880.702387 sending message 112 to peer 0x197e9a0 (12 bytes)
1729110880.702390 sending message 112 to peer 0x197e9a0 (12 bytes)
1729110880.702393 sending message 112 to peer 0x197e9a0 (12 bytes)
1729110880.702395 sending message 112 to peer 0x197e9a0 (13 bytes)
1729110880.702398 sending message 112 to peer 0x197e9a0 (8 bytes)
1729110880.702401 sending message 112 to peer 0x197e9a0 (13 bytes)
1729110880.702403 sending message 112 to peer 0x197e9a0 (13 bytes)
1729110880.702406 sending message 112 to peer 0x197e9a0 (13 bytes)
1729110880.702409 sending message 112 to peer 0x197e9a0 (13 bytes)
1729110880.702411 sending message 112 to peer 0x197e9a0 (13 bytes)
1729110880.702414 sending message 112 to peer 0x197e9a0 (13 bytes)
1729110880.702416 sending message 112 to peer 0x197e9a0 (13 bytes)
1729110880.702419 sending message 112 to peer 0x197e9a0 (12 bytes)
1729110880.702422 sending message 112 to peer 0x197e9a0 (12 bytes)
1729110880.702424 sending message 112 to peer 0x197e9a0 (12 bytes)
1729110880.702427 sending message 112 to peer 0x197e9a0 (8 bytes)
1729110880.702430 sending message 112 to peer 0x197e9a0 (12 bytes)
1729110880.702432 sending message 112 to peer 0x197e9a0 (13 bytes)
1729110880.702435 sending message 112 to peer 0x197e9a0 (13 bytes)
1729110880.702438 sending message 112 to peer 0x197e9a0 (13 bytes)
1729110880.702440 sending message 112 to peer 0x197e9a0 (13 bytes)
1729110880.702443 sending message 112 to peer 0x197e9a0 (13 bytes)
1729110880.702446 sending message 112 to peer 0x197e9a0 (13 bytes)
1729110880.702448 sending message 112 to peer 0x197e9a0 (13 bytes)
1729110880.702451 sending message 112 to peer 0x197e9a0 (13 bytes)
1729110880.702457 sending message 112 to peer 0x197e9a0 (12 bytes)
1729110880.702460 sending message 112 to peer 0x197e9a0 (10 bytes)
1729110880.702462 sending message 112 to peer 0x197e9a0 (12 bytes)
1729110880.702465 sending message 112 to peer 0x197e9a0 (12 bytes)
1729110880.702468 sending message 112 to peer 0x197e9a0 (12 bytes)
1729110880.702470 sending message 112 to peer 0x197e9a0 (13 bytes)
1729110880.702473 sending message 112 to peer 0x197e9a0 (13 bytes)
1729110880.702476 sending message 112 to peer 0x197e9a0 (13 bytes)
1729110880.702478 sending message 112 to peer 0x197e9a0 (13 bytes)
1729110880.702481 sending message 112 to peer 0x197e9a0 (13 bytes)
1729110880.702484 sending message 112 to peer 0x197e9a0 (13 bytes)
1729110880.702486 sending message 112 to peer 0x197e9a0 (13 bytes)
1729110880.702489 sending message 112 to peer 0x197e9a0 (10 bytes)
1729110880.702491 sending message 112 to peer 0x197e9a0 (13 bytes)
1729110880.702494 sending message 112 to peer 0x197e9a0 (12 bytes)
1729110880.702497 sending message 112 to peer 0x197e9a0 (12 bytes)
1729110880.702499 sending message 112 to peer 0x197e9a0 (12 bytes)
1729110880.702502 sending message 112 to peer 0x197e9a0 (10 bytes)
1729110880.702505 sending message 112 to peer 0x197e9a0 (10 bytes)
1729110880.702507 sending message 112 to peer 0x197e9a0 (10 bytes)
1729110880.702510 sending message 112 to peer 0x197e9a0 (12 bytes)
1729110880.702513 sending message 112 to peer 0x197e9a0 (13 bytes)
1729110880.702515 sending message 112 to peer 0x197e9a0 (13 bytes)
1729110880.702518 sending message 112 to peer 0x197e9a0 (13 bytes)
1729110880.702521 sending message 112 to peer 0x197e9a0 (13 bytes)
1729110880.702523 sending message 112 to peer 0x197e9a0 (13 bytes)
1729110880.702526 sending message 112 to peer 0x197e9a0 (11 bytes)
1729110880.702528 sending message 112 to peer 0x197e9a0 (11 bytes)
1729110880.702531 sending message 112 to peer 0x197e9a0 (12 bytes)
1729110880.702534 sending message 112 to peer 0x197e9a0 (12 bytes)
1729110880.702536 sending message 112 to peer 0x197e9a0 (12 bytes)
1729110880.702539 sending message 112 to peer 0x197e9a0 (12 bytes)
1729110880.702542 sending message 112 to peer 0x197e9a0 (12 bytes)
1729110880.702544 sending message 112 to peer 0x197e9a0 (11 bytes)
1729110880.702547 sending message 112 to peer 0x197e9a0 (12 bytes)
1729110880.702550 sending message 112 to peer 0x197e9a0 (12 bytes)
1729110880.702552 sending message 112 to peer 0x197e9a0 (13 bytes)
1729110880.702555 sending message 112 to peer 0x197e9a0 (13 bytes)
1729110880.702558 sending message 112 to peer 0x197e9a0 (13 bytes)
1729110880.702560 sending message 112 to peer 0x197e9a0 (13 bytes)
1729110880.702563 sending message 112 to peer 0x197e9a0 (13 bytes)
1729110880.702566 sending message 112 to peer 0x197e9a0 (10 bytes)
1729110880.702568 sending message 112 to peer 0x197e9a0 (9 bytes)
1729110880.702571 sending message 112 to peer 0x197e9a0 (12 bytes)
1729110880.702574 sending message 112 to peer 0x197e9a0 (13 bytes)
1729110880.702576 sending message 112 to peer 0x197e9a0 (13 bytes)
1729110880.702579 sending message 112 to peer 0x197e9a0 (13 bytes)
1729110880.702581 sending message 112 to peer 0x197e9a0 (13 bytes)
1729110880.702584 sending message 112 to peer 0x197e9a0 (13 bytes)
1729110880.702587 sending message 112 to peer 0x197e9a0 (9 bytes)
1729110880.702589 sending message 112 to peer 0x197e9a0 (12 bytes)
1729110880.702592 sending message 112 to peer 0x197e9a0 (13 bytes)
1729110880.702595 sending message 112 to peer 0x197e9a0 (13 bytes)
1729110880.702597 sending message 112 to peer 0x197e9a0 (13 bytes)
1729110880.702600 sending message 112 to peer 0x197e9a0 (13 bytes)
1729110880.702603 sending message 112 to peer 0x197e9a0 (13 bytes)
1729110880.702605 sending message 112 to peer 0x197e9a0 (11 bytes)
1729110880.702608 sending message 112 to peer 0x197e9a0 (12 bytes)
1729110880.702611 sending message 112 to peer 0x197e9a0 (13 bytes)
1729110880.702613 sending message 112 to peer 0x197e9a0 (13 bytes)
1729110880.702624 sending message 112 to peer 0x197e9a0 (13 bytes)
1729110880.702640 sending message 112 to peer 0x197e9a0 (13 bytes)
1729110880.702644 sending message 112 to peer 0x197e9a0 (13 bytes)
1729110880.702647 sending message 112 to peer 0x197e9a0 (11 bytes)
1729110880.702650 sending message 112 to peer 0x197e9a0 (12 bytes)
1729110880.702652 sending message 112 to peer 0x197e9a0 (12 bytes)
1729110880.702655 sending message 112 to peer 0x197e9a0 (12 bytes)
1729110880.702658 sending message 112 to peer 0x197e9a0 (12 bytes)
1729110880.702661 sending message 112 to peer 0x197e9a0 (12 bytes)
1729110880.702664 sending message 112 to peer 0x197e9a0 (21 bytes)
1729110880.702666 sending message 112 to peer 0x197e9a0 (12 bytes)
1729110880.702669 sending message 112 to peer 0x197e9a0 (9 bytes)
1729110880.702672 sending message 112 to peer 0x197e9a0 (6 bytes)
1729110880.702675 sending message 112 to peer 0x197e9a0 (13 bytes)
1729110880.702677 sending message 112 to peer 0x197e9a0 (8 bytes)
1729110880.702680 sending message 112 to peer 0x197e9a0 (15 bytes)
1729110880.702683 sending message 112 to peer 0x197e9a0 (13 bytes)
1729110880.702686 sending message 112 to peer 0x197e9a0 (9 bytes)
1729110880.702688 sending message 112 to peer 0x197e9a0 (70 bytes)
1729110880.702691 sending message 112 to peer 0x197e9a0 (69 bytes)
1729110880.702694 sending message 112 to peer 0x197e9a0 (10 bytes)
1729110880.702697 sending message 112 to peer 0x197e9a0 (10 bytes)
1729110880.702699 sending message 112 to peer 0x197e9a0 (8 bytes)
1729110880.702702 sending message 112 to peer 0x197e9a0 (15 bytes)
1729110880.702705 sending message 112 to peer 0x197e9a0 (13 bytes)
1729110880.702708 sending message 112 to peer 0x197e9a0 (10 bytes)
1729110880.702710 sending message 112 to peer 0x197e9a0 (10 bytes)
1729110880.702713 sending message 112 to peer 0x197e9a0 (17 bytes)
1729110880.702716 sending message 112 to peer 0x197e9a0 (10 bytes)
1729110880.702718 sending message 112 to peer 0x197e9a0 (13 bytes)
1729110880.702721 sending message 112 to peer 0x197e9a0 (9 bytes)
1729110880.702724 sending message 112 to peer 0x197e9a0 (5 bytes)
1729110880.702727 sending message 112 to peer 0x197e9a0 (15 bytes)
1729110880.702730 sending message 104 to peer 0x197e9a0 (0 bytes)
1729110880.702733 sending message 110 to peer 0x197e9a0 (0 bytes)
1729110880.702736 sending message 107 to peer 0x197e9a0 (4 bytes)
1729110880.702739 sending message 105 to peer 0x197e9a0 (16 bytes)
1729110880.702741 sending message 105 to peer 0x197e9a0 (29 bytes)
1729110880.702744 sending message 105 to peer 0x197e9a0 (20 bytes)
1729110880.702747 sending message 105 to peer 0x197e9a0 (28 bytes)
1729110880.702750 sending message 105 to peer 0x197e9a0 (54 bytes)
1729110880.702752 sending message 105 to peer 0x197e9a0 (11 bytes)
1729110880.702755 sending message 105 to peer 0x197e9a0 (12 bytes)
1729110880.702758 sending message 105 to peer 0x197e9a0 (22 bytes)
1729110880.702760 sending message 105 to peer 0x197e9a0 (17 bytes)
1729110880.702763 sending message 105 to peer 0x197e9a0 (16 bytes)
1729110880.702766 sending message 105 to peer 0x197e9a0 (13 bytes)
1729110880.702768 sending message 105 to peer 0x197e9a0 (14 bytes)
1729110880.702771 sending message 105 to peer 0x197e9a0 (1519 bytes)
1729110880.702780 sending message 105 to peer 0x197e9a0 (18 bytes)
1729110880.702783 sending message 105 to peer 0x197e9a0 (23 bytes)
1729110880.702786 sending message 105 to peer 0x197e9a0 (32 bytes)
1729110880.702788 sending message 105 to peer 0x197e9a0 (17 bytes)
1729110880.702791 sending message 105 to peer 0x197e9a0 (2524 bytes)
1729110880.702794 sending message 105 to peer 0x197e9a0 (16 bytes)
1729110880.702797 sending message 105 to peer 0x197e9a0 (53 bytes)
1729110880.702800 sending message 105 to peer 0x197e9a0 (23 bytes)
1729110880.702803 sending message 105 to peer 0x197e9a0 (49 bytes)
1729110880.702805 sending message 105 to peer 0x197e9a0 (29 bytes)
1729110880.702808 sending message 105 to peer 0x197e9a0 (40 bytes)
1729110880.702811 sending message 105 to peer 0x197e9a0 (29 bytes)
1729110880.702813 sending message 105 to peer 0x197e9a0 (39 bytes)
1729110880.702820 sending message 105 to peer 0x197e9a0 (8 bytes)
1729110880.702822 sending message 105 to peer 0x197e9a0 (19 bytes)
1729110880.702825 sending message 105 to peer 0x197e9a0 (18 bytes)
1729110880.702828 sending message 105 to peer 0x197e9a0 (25 bytes)
1729110880.702830 sending message 105 to peer 0x197e9a0 (36 bytes)
1729110880.702833 sending message 105 to peer 0x197e9a0 (13 bytes)
1729110880.702836 sending message 105 to peer 0x197e9a0 (59 bytes)
1729110880.702839 sending message 105 to peer 0x197e9a0 (11 bytes)
1729110880.702841 sending message 105 to peer 0x197e9a0 (12 bytes)
1729110880.702844 sending message 105 to peer 0x197e9a0 (26 bytes)
1729110880.702847 sending message 105 to peer 0x197e9a0 (24 bytes)
1729110880.702849 sending message 105 to peer 0x197e9a0 (56 bytes)
1729110880.702852 sending message 105 to peer 0x197e9a0 (23 bytes)
1729110880.702855 sending message 105 to peer 0x197e9a0 (34 bytes)
1729110880.702858 sending message 105 to peer 0x197e9a0 (32 bytes)
1729110880.702860 sending message 105 to peer 0x197e9a0 (18 bytes)
1729110880.702863 sending message 105 to peer 0x197e9a0 (21 bytes)
1729110880.702866 sending message 105 to peer 0x197e9a0 (44 bytes)
1729110880.702868 sending message 105 to peer 0x197e9a0 (39 bytes)
1729110880.702871 sending message 105 to peer 0x197e9a0 (36 bytes)
1729110880.702874 sending message 105 to peer 0x197e9a0 (394 bytes)
1729110880.702877 sending message 106 to peer 0x197e9a0 (0 bytes)
1729110880.702922 sending message 200 to peer 0x197e9a0 (4 bytes)
1729110880.702926 client loop enter
1729110880.704553 peer 0x197e9a0 message 303
1729110880.704565 open write file 2 -
1729110880.704571 sending message 305 to peer 0x197e9a0 (8 bytes)
1729110880.704579 write check file 2
1729110880.704675 peer 0x197e9a0 message 304
1729110880.704682 write 58 to file 2
1729110880.704687 peer 0x197e9a0 message 203
1729110880.704693 file 2 58 bytes left
1729110880.704717 write check file 2
1729110880.704721 client loop exit
